[22Jun2025 20:14:55.347] [main/INFO] [cpw.mods.modlauncher.Launcher/MODLAUNCHER]: ModLauncher running: args [--launchTarget, forgeclientuserdev, --version, 21.1.77, --assetIndex, 17, --assetsDir, C:\\Users\\paul\\.gradle\\caches\\neoformruntime\\assets, --gameDir, ., --fml.neoForgeVersion, 21.1.77, --fml.fmlVersion, 4.0.31, --fml.mcVersion, 1.21.1, --fml.neoFormVersion, 20240808.144430]
[22Jun2025 20:14:55.352] [main/INFO] [cpw.mods.modlauncher.Launcher/MODLAUNCHER]: JVM identified as Eclipse Adoptium OpenJDK 64-Bit Server VM 21.0.7+6-LTS
[22Jun2025 20:14:55.354] [main/INFO] [cpw.mods.modlauncher.Launcher/MODLAUNCHER]: ModLauncher 11.0.4+main.d2e20e43 starting: java version 21.0.7 by Eclipse Adoptium; OS Windows 11 arch amd64 version 10.0
[22Jun2025 20:14:55.488] [main/INFO] [net.neoforged.fml.loading.ImmediateWindowHandler/]: Loading ImmediateWindowProvider fmlearlywindow
[22Jun2025 20:14:55.649] [main/INFO] [EARLYDISPLAY/]: Trying GL version 4.6
[22Jun2025 20:14:55.873] [main/INFO] [EARLYDISPLAY/]: Requested GL version 4.6 got version 4.6
[22Jun2025 20:14:56.088] [main/INFO] [mixin/]: SpongePowered MIXIN Subsystem Version=0.8.7 Source=union:/C:/Users/paul/.gradle/caches/modules-2/files-2.1/net.fabricmc/sponge-mixin/0.15.2+mixin.0.8.7/2af2f021d8e02a0220dc27a7a72b4666d66d44ca/sponge-mixin-0.15.2+mixin.0.8.7.jar%23131!/ Service=ModLauncher Env=CLIENT
[22Jun2025 20:14:56.326] [pool-2-thread-1/INFO] [EARLYDISPLAY/]: GL info: AMD Radeon(TM) 780M GL version 4.6.0 Core Profile Context 22.40.05.22.231108, ATI Technologies Inc.
[22Jun2025 20:14:56.629] [main/INFO] [net.neoforged.fml.loading.moddiscovery.locators.JarInJarDependencyLocator/]: Found 2 dependencies adding them to mods collection
[22Jun2025 20:14:56.632] [main/INFO] [net.neoforged.fml.loading.moddiscovery.ModDiscoverer/]: 
     Mod List:
		Name Version (Mod Id)

		Just Enough Items 19.21.2.313 (jei)
		LMod 0.0.1 (lmod)
		Minecraft 1.21.1 (minecraft)
		NeoForge 21.1.77 (neoforge)
[22Jun2025 20:14:57.540] [main/INFO] [cpw.mods.modlauncher.LaunchServiceHandler/MODLAUNCHER]: Launching target 'forgeclientuserdev' with arguments [--version, 21.1.77, --gameDir, ., --assetsDir, C:\Users\paul\.gradle\caches\neoformruntime\assets, --assetIndex, 17]
[22Jun2025 20:14:59.409] [Datafixer Bootstrap/INFO] [com.mojang.datafixers.DataFixerBuilder/]: 229 Datafixer optimizations took 234 milliseconds
[22Jun2025 20:14:59.786] [pool-8-thread-1/INFO] [MixinExtras|Service/]: Initializing MixinExtras via com.llamalad7.mixinextras.service.MixinExtrasServiceImpl(version=0.4.1).
[22Jun2025 20:15:04.105] [main/WARN] [net.minecraft.commands.Commands/]: Ambiguity between arguments [teleport, location] and [teleport, destination] with inputs: [0.1 -0.5 .9, 0 0 0]
[22Jun2025 20:15:04.106] [main/WARN] [net.minecraft.commands.Commands/]: Ambiguity between arguments [teleport, location] and [teleport, targets] with inputs: [0.1 -0.5 .9, 0 0 0]
[22Jun2025 20:15:04.110] [main/WARN] [net.minecraft.commands.Commands/]: Ambiguity between arguments [teleport, destination] and [teleport, targets] with inputs: [Player, 0123, @e, dd12be42-52a9-4a91-a8a1-11c01849e498]
[22Jun2025 20:15:04.111] [main/WARN] [net.minecraft.commands.Commands/]: Ambiguity between arguments [teleport, targets] and [teleport, destination] with inputs: [Player, 0123, dd12be42-52a9-4a91-a8a1-11c01849e498]
[22Jun2025 20:15:04.112] [main/WARN] [net.minecraft.commands.Commands/]: Ambiguity between arguments [teleport, targets, location] and [teleport, targets, destination] with inputs: [0.1 -0.5 .9, 0 0 0]
[22Jun2025 20:15:04.220] [Render thread/WARN] [net.minecraft.server.packs.VanillaPackResourcesBuilder/]: Assets URL 'union:/D:/Java/LMOD/build/moddev/artifacts/neoforge-21.1.77-minecraft-merged.jar%23184!/assets/.mcassetsroot' uses unexpected schema
[22Jun2025 20:15:04.220] [Render thread/WARN] [net.minecraft.server.packs.VanillaPackResourcesBuilder/]: Assets URL 'union:/D:/Java/LMOD/build/moddev/artifacts/neoforge-21.1.77-minecraft-merged.jar%23184!/data/.mcassetsroot' uses unexpected schema
[22Jun2025 20:15:04.255] [Render thread/INFO] [com.mojang.authlib.yggdrasil.YggdrasilAuthenticationService/]: Environment: Environment[sessionHost=https://sessionserver.mojang.com, servicesHost=https://api.minecraftservices.com, name=PROD]
[22Jun2025 20:15:04.263] [Render thread/INFO] [net.minecraft.client.Minecraft/]: Setting user: Dev
[22Jun2025 20:15:04.377] [Render thread/INFO] [net.minecraft.client.Minecraft/]: Backend library: LWJGL version 3.3.3+5
[22Jun2025 20:15:04.682] [modloading-worker-0/INFO] [net.neoforged.neoforge.common.NeoForgeMod/NEOFORGE-MOD]: NeoForge mod loading, version 21.1.77, for MC 1.21.1
[22Jun2025 20:15:04.746] [modloading-worker-0/INFO] [com.mefiddzy.lmod.LMod/]: Registering Deferred Registers!
[22Jun2025 20:15:04.842] [modloading-worker-0/INFO] [mezz.jei.library.load.PluginCaller/]: Sending ConfigManager...
[22Jun2025 20:15:04.847] [modloading-worker-0/INFO] [mezz.jei.library.load.PluginCaller/]: Sending ConfigManager took 3.074 milliseconds
[22Jun2025 20:15:05.479] [Render thread/INFO] [net.neoforged.neoforge.gametest.GameTestHooks/]: Enabled Gametest Namespaces: [lmod]
[22Jun2025 20:15:05.608] [Render thread/INFO] [net.minecraft.server.packs.resources.ReloadableResourceManager/]: Reloading ResourceManager: vanilla, mod_resources, mod/lmod, mod/neoforge, mod/jei
[22Jun2025 20:15:05.623] [Worker-Main-1/INFO] [com.mefiddzy.lmod.LMod/]: HELLO FROM COMMON SETUP
[22Jun2025 20:15:05.623] [Worker-Main-1/INFO] [com.mefiddzy.lmod.LMod/]: DIRT BLOCK >> minecraft:dirt
[22Jun2025 20:15:05.624] [Worker-Main-1/INFO] [com.mefiddzy.lmod.LMod/]: The magic number is... 42
[22Jun2025 20:15:05.624] [Worker-Main-1/INFO] [com.mefiddzy.lmod.LMod/]: ITEM >> minecraft:iron_ingot
[22Jun2025 20:15:05.864] [Worker-Main-10/INFO] [net.minecraft.client.gui.font.providers.UnihexProvider/]: Found unifont_all_no_pua-15.1.05.hex, loading
[22Jun2025 20:15:05.875] [Worker-Main-15/ERROR] [net.minecraft.client.renderer.texture.atlas.SpriteSourceList/]: Failed to parse atlas definition minecraft:atlases/armor_trims.json in pack mod/lmod
java.lang.IllegalStateException: Input does not contain a key [type]: MapLike[{"palette_key":"trims/color_palettes/trim_palette","permutations":{"quartz":"trims/color_palettes/quartz","iron":"trims/color_palettes/iron","gold":"trims/color_palettes/gold","diamond":"trims/color_palettes/diamond","netherite":"trims/color_palettes/netherite","redstone":"trims/color_palettes/redstone","copper":"trims/color_palettes/copper","emerald":"trims/color_palettes/emerald","lapis":"trims/color_palettes/lapis","amethyst":"trims/color_palettes/amethyst","iron_darker":"trims/color_palettes/iron_darker","gold_darker":"trims/color_palettes/gold_darker","diamond_darker":"trims/color_palettes/diamond_darker","netherite_darker":"trims/color_palettes/netherite_darker","enpowred_gold":"lmod:trims/color_palettes/enpowred_gold"}}]
	at MC-BOOTSTRAP/datafixerupper@8.0.16/com.mojang.serialization.DataResult$Error.getOrThrow(DataResult.java:287) ~[datafixerupper-8.0.16.jar%23114!/:?]
	at MC-BOOTSTRAP/datafixerupper@8.0.16/com.mojang.serialization.DataResult.getOrThrow(DataResult.java:81) ~[datafixerupper-8.0.16.jar%23114!/:?]
	at TRANSFORMER/minecraft@1.21.1/net.minecraft.client.renderer.texture.atlas.SpriteSourceList.load(SpriteSourceList.java:77) ~[neoforge-21.1.77-minecraft-merged.jar%23184!/:?]
	at TRANSFORMER/minecraft@1.21.1/net.minecraft.client.renderer.texture.SpriteLoader.lambda$loadAndStitch$6(SpriteLoader.java:132) ~[neoforge-21.1.77-minecraft-merged.jar%23184!/:?]
	at java.base/java.util.concurrent.CompletableFuture$AsyncSupply.run(CompletableFuture.java:1768) [?:?]
	at java.base/java.util.concurrent.CompletableFuture$AsyncSupply.exec(CompletableFuture.java:1760) [?:?]
	at java.base/java.util.concurrent.ForkJoinTask.doExec(ForkJoinTask.java:387) [?:?]
	at java.base/java.util.concurrent.ForkJoinPool$WorkQueue.topLevelExec(ForkJoinPool.java:1312) [?:?]
	at java.base/java.util.concurrent.ForkJoinPool.scan(ForkJoinPool.java:1843) [?:?]
	at java.base/java.util.concurrent.ForkJoinPool.runWorker(ForkJoinPool.java:1808) [?:?]
	at java.base/java.util.concurrent.ForkJoinWorkerThread.run(ForkJoinWorkerThread.java:188) [?:?]
[22Jun2025 20:15:05.972] [Worker-Main-3/INFO] [net.minecraft.client.gui.font.providers.UnihexProvider/]: Found unifont_jp_patch-15.1.05.hex, loading
[22Jun2025 20:15:06.834] [Worker-Main-12/WARN] [net.minecraft.client.resources.model.BlockStateModelLoader/]: Exception loading blockstate definition: 'lmod:blockstates/plate_applier.json' missing model for variant: 'lmod:plate_applier#facing=down'
[22Jun2025 20:15:06.835] [Worker-Main-12/WARN] [net.minecraft.client.resources.model.BlockStateModelLoader/]: Exception loading blockstate definition: 'lmod:blockstates/plate_applier.json' missing model for variant: 'lmod:plate_applier#facing=up'
[22Jun2025 20:15:07.735] [Render thread/WARN] [net.minecraft.client.sounds.SoundEngine/]: Missing sound for event: minecraft:item.goat_horn.play
[22Jun2025 20:15:07.735] [Render thread/WARN] [net.minecraft.client.sounds.SoundEngine/]: Missing sound for event: minecraft:entity.goat.screaming.horn_break
[22Jun2025 20:15:07.884] [Render thread/INFO] [com.mojang.blaze3d.audio.Library/]: OpenAL initialized on device OpenAL Soft on Speakers (Realtek(R) Audio)
[22Jun2025 20:15:07.885] [Render thread/INFO] [net.minecraft.client.sounds.SoundEngine/SOUNDS]: Sound engine started
[22Jun2025 20:15:08.025] [Render thread/INFO] [net.minecraft.client.renderer.texture.TextureAtlas/]: Created: 1024x512x4 minecraft:textures/atlas/blocks.png-atlas
[22Jun2025 20:15:08.031] [Render thread/INFO] [net.minecraft.client.renderer.texture.TextureAtlas/]: Created: 256x256x4 minecraft:textures/atlas/signs.png-atlas
[22Jun2025 20:15:08.032] [Render thread/INFO] [net.minecraft.client.renderer.texture.TextureAtlas/]: Created: 512x512x4 minecraft:textures/atlas/shield_patterns.png-atlas
[22Jun2025 20:15:08.033] [Render thread/INFO] [net.minecraft.client.renderer.texture.TextureAtlas/]: Created: 512x512x4 minecraft:textures/atlas/banner_patterns.png-atlas
[22Jun2025 20:15:08.036] [Render thread/INFO] [net.minecraft.client.renderer.texture.TextureAtlas/]: Created: 1024x1024x4 minecraft:textures/atlas/armor_trims.png-atlas
[22Jun2025 20:15:08.045] [Render thread/INFO] [net.minecraft.client.renderer.texture.TextureAtlas/]: Created: 128x64x4 minecraft:textures/atlas/decorated_pot.png-atlas
[22Jun2025 20:15:08.045] [Render thread/INFO] [net.minecraft.client.renderer.texture.TextureAtlas/]: Created: 256x256x4 minecraft:textures/atlas/chest.png-atlas
[22Jun2025 20:15:08.045] [Render thread/INFO] [net.minecraft.client.renderer.texture.TextureAtlas/]: Created: 512x256x4 minecraft:textures/atlas/beds.png-atlas
[22Jun2025 20:15:08.045] [Render thread/INFO] [net.minecraft.client.renderer.texture.TextureAtlas/]: Created: 512x256x4 minecraft:textures/atlas/shulker_boxes.png-atlas
[22Jun2025 20:15:08.115] [Render thread/INFO] [net.minecraft.client.renderer.texture.TextureAtlas/]: Created: 512x256x0 minecraft:textures/atlas/particles.png-atlas
[22Jun2025 20:15:08.117] [Render thread/INFO] [net.minecraft.client.renderer.texture.TextureAtlas/]: Created: 512x256x0 minecraft:textures/atlas/paintings.png-atlas
[22Jun2025 20:15:08.117] [Render thread/INFO] [net.minecraft.client.renderer.texture.TextureAtlas/]: Created: 256x128x0 minecraft:textures/atlas/mob_effects.png-atlas
[22Jun2025 20:15:08.117] [Render thread/INFO] [net.minecraft.client.renderer.texture.TextureAtlas/]: Created: 64x64x0 minecraft:textures/atlas/map_decorations.png-atlas
[22Jun2025 20:15:08.118] [Render thread/INFO] [net.minecraft.client.renderer.texture.TextureAtlas/]: Created: 1024x512x0 minecraft:textures/atlas/gui.png-atlas
[22Jun2025 20:15:08.170] [Render thread/WARN] [net.minecraft.client.renderer.ShaderInstance/]: Shader rendertype_entity_translucent_emissive could not find sampler named Sampler2 in the specified shader program.
[22Jun2025 20:15:08.270] [Render thread/INFO] [net.neoforged.neoforge.client.entity.animation.json.AnimationLoader/]: Loaded 0 entity animations
[22Jun2025 20:15:08.270] [Render thread/INFO] [net.minecraft.client.renderer.texture.TextureAtlas/]: Created: 256x256x0 jei:textures/atlas/gui.png-atlas
[22Jun2025 20:15:12.619] [Worker-Main-7/ERROR] [net.minecraft.tags.TagLoader/]: Couldn't load tag minecraft:in_enchanting_table as it is missing following references: 
	lmod:ore_collector (from mod/lmod)
[22Jun2025 20:15:12.797] [Render thread/INFO] [net.minecraft.world.item.crafting.RecipeManager/]: Loaded 1328 recipes
[22Jun2025 20:15:12.956] [Render thread/INFO] [net.minecraft.advancements.AdvancementTree/]: Loaded 1428 advancements
[22Jun2025 20:15:13.532] [Server thread/INFO] [net.minecraft.client.server.IntegratedServer/]: Starting integrated minecraft server version 1.21.1
[22Jun2025 20:15:13.532] [Server thread/INFO] [net.minecraft.server.MinecraftServer/]: Generating keypair
[22Jun2025 20:15:14.812] [Server thread/INFO] [net.minecraft.server.MinecraftServer/]: Preparing start region for dimension minecraft:overworld
[22Jun2025 20:15:15.122] [progressListener/INFO] [net.minecraft.server.level.progress.LoggerChunkProgressListener/]: Preparing spawn area: 0%
[22Jun2025 20:15:15.287] [Server thread/INFO] [net.neoforged.neoforge.server.permission.PermissionAPI/]: Successfully initialized permission handler neoforge:default_handler
[22Jun2025 20:15:15.289] [progressListener/INFO] [net.minecraft.server.level.progress.LoggerChunkProgressListener/]: Time elapsed: 472 ms
[22Jun2025 20:15:15.530] [Server thread/INFO] [net.minecraft.client.server.IntegratedServer/]: Changing view distance to 12, from 10
[22Jun2025 20:15:15.531] [Server thread/INFO] [net.minecraft.client.server.IntegratedServer/]: Changing simulation distance to 12, from 0
[22Jun2025 20:15:16.767] [Server thread/INFO] [net.minecraft.server.players.PlayerList/]: Dev[local:E:89ebf678] logged in with entity id 77 at (28.116848386435134, 74.0, -22.248708161990763)
[22Jun2025 20:15:16.869] [Server thread/INFO] [net.minecraft.server.MinecraftServer/]: Dev joined the game
[22Jun2025 20:15:17.123] [Render thread/WARN] [net.minecraft.client.ClientRecipeBook/]: Unknown recipe category: lmod:plate_applier/lmod:enpowered_gold_boots_plate
[22Jun2025 20:15:17.123] [Render thread/WARN] [net.minecraft.client.ClientRecipeBook/]: Unknown recipe category: lmod:plate_applier/lmod:enpowered_gold_chestplate_plate
[22Jun2025 20:15:17.123] [Render thread/WARN] [net.minecraft.client.ClientRecipeBook/]: Unknown recipe category: lmod:plate_applier/lmod:enpowered_gold_helmet_plate
[22Jun2025 20:15:17.123] [Render thread/WARN] [net.minecraft.client.ClientRecipeBook/]: Unknown recipe category: lmod:plate_applier/lmod:enpowered_gold_hoe_plate
[22Jun2025 20:15:17.123] [Render thread/WARN] [net.minecraft.client.ClientRecipeBook/]: Unknown recipe category: lmod:plate_applier/lmod:enpowered_gold_leggings_plate
[22Jun2025 20:15:17.123] [Render thread/WARN] [net.minecraft.client.ClientRecipeBook/]: Unknown recipe category: lmod:plate_applier/lmod:enpowered_gold_pickaxe_plate
[22Jun2025 20:15:17.123] [Render thread/WARN] [net.minecraft.client.ClientRecipeBook/]: Unknown recipe category: lmod:plate_applier/lmod:enpowered_gold_axe_plate
[22Jun2025 20:15:17.124] [Render thread/WARN] [net.minecraft.client.ClientRecipeBook/]: Unknown recipe category: lmod:plate_applier/lmod:enpowered_gold_shovel_plate
[22Jun2025 20:15:17.124] [Render thread/WARN] [net.minecraft.client.ClientRecipeBook/]: Unknown recipe category: lmod:plate_applier/lmod:enpowered_gold_sword_plate
[22Jun2025 20:15:17.147] [Render thread/INFO] [mezz.jei.core.util.LoggedTimer/]: Starting JEI...
[22Jun2025 20:15:17.165] [Render thread/INFO] [mezz.jei.library.load.PluginCaller/]: Registering item subtypes...
[22Jun2025 20:15:17.178] [Render thread/INFO] [mezz.jei.library.load.PluginCallerTimerRunnable/]: Registering item subtypes: jei:minecraft took 12.60 milliseconds
[22Jun2025 20:15:17.179] [Render thread/INFO] [mezz.jei.library.load.PluginCaller/]: Registering item subtypes took 13.99 milliseconds
[22Jun2025 20:15:17.180] [Render thread/INFO] [mezz.jei.library.load.PluginCaller/]: Registering fluid subtypes...
[22Jun2025 20:15:17.184] [Render thread/INFO] [mezz.jei.library.load.PluginCaller/]: Registering fluid subtypes took 3.920 milliseconds
[22Jun2025 20:15:17.189] [Render thread/INFO] [mezz.jei.library.load.PluginCaller/]: Registering ingredients...
[22Jun2025 20:15:17.345] [Render thread/INFO] [mezz.jei.library.load.PluginCallerTimerRunnable/]: Registering ingredients: jei:minecraft took 155.4 milliseconds
[22Jun2025 20:15:17.346] [Render thread/INFO] [mezz.jei.library.load.PluginCaller/]: Registering ingredients took 156.3 milliseconds
[22Jun2025 20:15:17.346] [Render thread/INFO] [mezz.jei.library.load.PluginCaller/]: Registering extra ingredients...
[22Jun2025 20:15:17.347] [Render thread/INFO] [mezz.jei.library.load.PluginCaller/]: Registering extra ingredients took 711.1 microseconds
[22Jun2025 20:15:17.348] [Render thread/INFO] [mezz.jei.library.load.PluginCaller/]: Registering search ingredient aliases...
[22Jun2025 20:15:17.349] [Render thread/INFO] [mezz.jei.library.load.PluginCaller/]: Registering search ingredient aliases took 1.165 milliseconds
[22Jun2025 20:15:17.387] [Render thread/INFO] [mezz.jei.library.load.PluginCaller/]: Registering Mod Info...
[22Jun2025 20:15:17.388] [Render thread/INFO] [mezz.jei.library.load.PluginCaller/]: Registering Mod Info took 909.2 microseconds
[22Jun2025 20:15:17.418] [Render thread/INFO] [mezz.jei.library.load.PluginCaller/]: Registering categories...
[22Jun2025 20:15:17.453] [Render thread/INFO] [mezz.jei.library.load.PluginCallerTimerRunnable/]: Registering categories: jei:minecraft took 35.26 milliseconds
[22Jun2025 20:15:17.463] [Render thread/INFO] [mezz.jei.library.load.PluginCaller/]: Registering categories took 44.88 milliseconds
[22Jun2025 20:15:17.465] [Render thread/INFO] [mezz.jei.library.load.PluginCaller/]: Registering vanilla category extensions...
[22Jun2025 20:15:17.470] [Render thread/INFO] [mezz.jei.library.load.PluginCaller/]: Registering vanilla category extensions took 4.605 milliseconds
[22Jun2025 20:15:17.471] [Render thread/INFO] [mezz.jei.library.load.PluginCaller/]: Registering recipe catalysts...
[22Jun2025 20:15:17.473] [Render thread/INFO] [mezz.jei.library.load.PluginCaller/]: Registering recipe catalysts took 1.204 milliseconds
[22Jun2025 20:15:17.473] [Render thread/INFO] [mezz.jei.core.util.LoggedTimer/]: Building recipe registry...
[22Jun2025 20:15:17.493] [Render thread/INFO] [mezz.jei.core.util.LoggedTimer/]: Building recipe registry took 18.51 milliseconds
[22Jun2025 20:15:17.495] [Render thread/INFO] [mezz.jei.library.load.PluginCaller/]: Registering advanced plugins...
[22Jun2025 20:15:17.496] [Render thread/INFO] [mezz.jei.library.load.PluginCaller/]: Registering advanced plugins took 646.6 microseconds
[22Jun2025 20:15:17.499] [Render thread/INFO] [mezz.jei.library.load.PluginCaller/]: Registering recipes...
[22Jun2025 20:15:17.698] [Render thread/INFO] [mezz.jei.library.load.PluginCallerTimerRunnable/]: Registering recipes: jei:minecraft took 199.3 milliseconds
[22Jun2025 20:15:17.731] [Render thread/INFO] [mezz.jei.library.load.PluginCallerTimerRunnable/]: Registering recipes: jei:internal took 31.38 milliseconds
[22Jun2025 20:15:17.731] [Render thread/INFO] [mezz.jei.library.load.PluginCaller/]: Registering recipes took 232.5 milliseconds
[22Jun2025 20:15:17.742] [Render thread/INFO] [mezz.jei.library.load.PluginCaller/]: Registering recipes transfer handlers...
[22Jun2025 20:15:17.749] [Render thread/INFO] [mezz.jei.library.load.PluginCaller/]: Registering recipes transfer handlers took 6.509 milliseconds
[22Jun2025 20:15:17.759] [Render thread/INFO] [mezz.jei.core.util.LoggedTimer/]: Building runtime...
[22Jun2025 20:15:17.768] [Render thread/INFO] [mezz.jei.library.load.PluginCaller/]: Registering gui handlers...
[22Jun2025 20:15:17.782] [Render thread/INFO] [mezz.jei.library.load.PluginCaller/]: Registering gui handlers took 13.44 milliseconds
[22Jun2025 20:15:17.789] [Render thread/INFO] [mezz.jei.library.load.PluginCaller/]: Registering Runtime...
[22Jun2025 20:15:17.791] [Render thread/INFO] [mezz.jei.gui.startup.JeiGuiStarter/]: Starting JEI GUI
[22Jun2025 20:15:17.793] [Render thread/INFO] [mezz.jei.core.util.LoggedTimer/]: Building ingredient list...
[22Jun2025 20:15:17.830] [Render thread/INFO] [mezz.jei.core.util.LoggedTimer/]: Building ingredient list took 37.43 milliseconds
[22Jun2025 20:15:17.830] [Render thread/INFO] [mezz.jei.core.util.LoggedTimer/]: Building ingredient filter...
[22Jun2025 20:15:17.900] [Render thread/INFO] [mezz.jei.gui.ingredients.IngredientFilter/]: Adding 1732 ingredients
[22Jun2025 20:15:18.123] [Render thread/INFO] [mezz.jei.gui.ingredients.IngredientFilter/]: Added 1732 ingredients
[22Jun2025 20:15:18.124] [Render thread/INFO] [mezz.jei.core.util.LoggedTimer/]: Building ingredient filter took 293.5 milliseconds
[22Jun2025 20:15:18.252] [Render thread/INFO] [mezz.jei.library.load.PluginCallerTimerRunnable/]: Registering Runtime: jei:neoforge_gui took 462.0 milliseconds
[22Jun2025 20:15:18.252] [Render thread/INFO] [mezz.jei.library.load.PluginCaller/]: Registering Runtime took 463.0 milliseconds
[22Jun2025 20:15:18.255] [Render thread/INFO] [mezz.jei.core.util.LoggedTimer/]: Building runtime took 494.9 milliseconds
[22Jun2025 20:15:18.255] [Render thread/INFO] [mezz.jei.library.load.PluginCaller/]: Sending Runtime...
[22Jun2025 20:15:18.255] [Render thread/INFO] [mezz.jei.library.load.PluginCaller/]: Sending Runtime took 394.9 microseconds
[22Jun2025 20:15:18.255] [Render thread/INFO] [mezz.jei.core.util.LoggedTimer/]: Starting JEI took 1.108 seconds
[22Jun2025 20:15:18.279] [Render thread/INFO] [net.minecraft.advancements.AdvancementTree/]: Loaded 1380 advancements
[22Jun2025 20:15:18.900] [Server thread/INFO] [net.minecraft.client.server.IntegratedServer/]: Saving and pausing game...
[22Jun2025 20:15:19.112] [Server thread/INFO] [net.minecraft.server.MinecraftServer/]: Saving chunks for level 'ServerLevel[New World]'/minecraft:overworld
[22Jun2025 20:15:19.314] [Server thread/INFO] [net.minecraft.server.MinecraftServer/]: Saving chunks for level 'ServerLevel[New World]'/minecraft:the_nether
[22Jun2025 20:15:19.554] [Server thread/INFO] [net.minecraft.server.MinecraftServer/]: Saving chunks for level 'ServerLevel[New World]'/minecraft:the_end
[22Jun2025 20:15:29.990] [Server thread/INFO] [net.minecraft.client.server.IntegratedServer/]: Saving and pausing game...
[22Jun2025 20:15:30.156] [Server thread/INFO] [net.minecraft.server.MinecraftServer/]: Saving chunks for level 'ServerLevel[New World]'/minecraft:overworld
[22Jun2025 20:15:30.385] [Server thread/INFO] [net.minecraft.server.MinecraftServer/]: Saving chunks for level 'ServerLevel[New World]'/minecraft:the_nether
[22Jun2025 20:15:30.625] [Server thread/INFO] [net.minecraft.server.MinecraftServer/]: Saving chunks for level 'ServerLevel[New World]'/minecraft:the_end
[22Jun2025 20:15:31.313] [Render thread/INFO] [mezz.jei.library.startup.JeiStarter/]: Stopping JEI
[22Jun2025 20:15:31.313] [Render thread/INFO] [mezz.jei.library.load.PluginCaller/]: Sending Runtime Unavailable...
[22Jun2025 20:15:31.313] [Render thread/INFO] [mezz.jei.neoforge.plugins.neoforge.NeoForgeGuiPlugin/]: Stopping JEI GUI
[22Jun2025 20:15:31.315] [Render thread/INFO] [mezz.jei.library.load.PluginCaller/]: Sending Runtime Unavailable took 2.320 milliseconds
[22Jun2025 20:15:31.358] [Server thread/INFO] [net.minecraft.server.network.ServerGamePacketListenerImpl/]: Dev lost connection: Disconnected
[22Jun2025 20:15:31.359] [Server thread/INFO] [net.minecraft.server.MinecraftServer/]: Dev left the game
[22Jun2025 20:15:31.400] [Server thread/INFO] [net.minecraft.server.network.ServerCommonPacketListenerImpl/]: Stopping singleplayer server as player logged out
[22Jun2025 20:15:31.427] [Server thread/INFO] [net.minecraft.server.MinecraftServer/]: Stopping server
[22Jun2025 20:15:31.428] [Server thread/INFO] [net.minecraft.server.MinecraftServer/]: Saving players
[22Jun2025 20:15:31.428] [Server thread/INFO] [net.minecraft.server.MinecraftServer/]: Saving worlds
[22Jun2025 20:15:31.567] [Server thread/INFO] [net.minecraft.server.MinecraftServer/]: Saving chunks for level 'ServerLevel[New World]'/minecraft:overworld
[22Jun2025 20:15:47.528] [Server thread/INFO] [net.minecraft.server.MinecraftServer/]: Saving chunks for level 'ServerLevel[New World]'/minecraft:the_nether
[22Jun2025 20:15:47.530] [Server thread/INFO] [net.minecraft.server.MinecraftServer/]: Saving chunks for level 'ServerLevel[New World]'/minecraft:the_end
[22Jun2025 20:15:47.775] [Server thread/INFO] [net.minecraft.server.MinecraftServer/]: ThreadedAnvilChunkStorage (New World): All chunks are saved
[22Jun2025 20:15:47.776] [Server thread/INFO] [net.minecraft.server.MinecraftServer/]: ThreadedAnvilChunkStorage (DIM-1): All chunks are saved
[22Jun2025 20:15:47.776] [Server thread/INFO] [net.minecraft.server.MinecraftServer/]: ThreadedAnvilChunkStorage (DIM1): All chunks are saved
[22Jun2025 20:15:47.776] [Server thread/INFO] [net.minecraft.server.MinecraftServer/]: ThreadedAnvilChunkStorage: All dimensions are saved
[22Jun2025 20:16:14.291] [Render thread/INFO] [net.minecraft.client.Minecraft/]: Stopping!
